{
  "RSpec": {
    "coverage": {
      "/Users/marijatrachtenberg/Makers/Week4/bookmark/spec/bookmark_class_spec.rb": {
        "lines": [
          1,
          null,
          1,
          null,
          1,
          1,
          1,
          1,
          1,
          null,
          null,
          null,
          null
        ]
      },
      "/Users/marijatrachtenberg/Makers/Week4/bookmark/spec/features/bookmark_spec.rb": {
        "lines": [
          1,
          1,
          1,
          1,
          1,
          1,
          1,
          null,
          null
        ]
      },
      "/Users/marijatrachtenberg/Makers/Week4/bookmark/spec/features/index_spec.rb": {
        "lines": [
          1,
          1,
          1,
          1,
          null,
          null
        ]
      }
    },
    "timestamp": 1588604104
  }
}
